<?xml version="1.0" encoding="UTF-8"?>
<testsuite xmlns:xsi="http://www.w3.org/2001/XMLSchema-instance" xsi:noNamespaceSchemaLocation="https://maven.apache.org/surefire/maven-surefire-plugin/xsd/surefire-test-report.xsd" name="US1002 amazon background ile arama" time="33.652" tests="3" errors="0" skipped="0" failures="0">
  <properties>
[...]
</properties>
  <testcase name="TC04 amazon nutella arama" classname="US1002 amazon background ile arama" time="11.981"/>
  <testcase name="TC05 amazon java arama" classname="US1002 amazon background ile arama" time="11.381"/>
  <testcase name="TC06 amazon ipad arama" classname="US1002 amazon background ile arama" time="10.29"/>
</testsuite>